[0.008s] Invoking command in '/home/mz/auto-exercise/dex_sugun_ws/build/dex_controller': CMAKE_PREFIX_PATH=${CMAKE_PREFIX_PATH}:/opt/ros/humble /usr/bin/cmake --build /home/mz/auto-exercise/dex_sugun_ws/build/dex_controller -- -j24 -l24
[0.031s] [35m[1mConsolidate compiler generated dependencies of target dex_controller[0m
[0.044s] [ 50%] [32mBuilding CXX object CMakeFiles/dex_controller.dir/src/dex_controller.cpp.o[0m
[3.112s] [100%] [32m[1mLinking CXX shared library libdex_controller.so[0m
[3.222s] [100%] Built target dex_controller
[3.231s] Invoked command in '/home/mz/auto-exercise/dex_sugun_ws/build/dex_controller' returned '0': CMAKE_PREFIX_PATH=${CMAKE_PREFIX_PATH}:/opt/ros/humble /usr/bin/cmake --build /home/mz/auto-exercise/dex_sugun_ws/build/dex_controller -- -j24 -l24
[3.244s] Invoking command in '/home/mz/auto-exercise/dex_sugun_ws/build/dex_controller': CMAKE_PREFIX_PATH=${CMAKE_PREFIX_PATH}:/opt/ros/humble /usr/bin/cmake --install /home/mz/auto-exercise/dex_sugun_ws/build/dex_controller
[3.247s] -- Install configuration: "Release"
[3.247s] -- Execute custom install script
[3.247s] -- Up-to-date symlink: /home/mz/auto-exercise/dex_sugun_ws/install/dex_controller/lib/libdex_controller.so
[3.248s] -- Up-to-date symlink: /home/mz/auto-exercise/dex_sugun_ws/install/dex_controller/include//dex_controller/dex_controller.hpp
[3.248s] -- Up-to-date symlink: /home/mz/auto-exercise/dex_sugun_ws/install/dex_controller/share/dex_controller/environment/library_path.sh
[3.248s] -- Up-to-date symlink: /home/mz/auto-exercise/dex_sugun_ws/install/dex_controller/share/dex_controller/environment/library_path.dsv
[3.248s] -- Up-to-date symlink: /home/mz/auto-exercise/dex_sugun_ws/install/dex_controller/share/dex_controller//dex_controller.xml
[3.248s] -- Up-to-date symlink: /home/mz/auto-exercise/dex_sugun_ws/install/dex_controller/share/ament_index/resource_index/package_run_dependencies/dex_controller
[3.248s] -- Up-to-date symlink: /home/mz/auto-exercise/dex_sugun_ws/install/dex_controller/share/ament_index/resource_index/parent_prefix_path/dex_controller
[3.248s] -- Up-to-date symlink: /home/mz/auto-exercise/dex_sugun_ws/install/dex_controller/share/dex_controller/environment/ament_prefix_path.sh
[3.248s] -- Up-to-date symlink: /home/mz/auto-exercise/dex_sugun_ws/install/dex_controller/share/dex_controller/environment/ament_prefix_path.dsv
[3.248s] -- Up-to-date symlink: /home/mz/auto-exercise/dex_sugun_ws/install/dex_controller/share/dex_controller/environment/path.sh
[3.248s] -- Up-to-date symlink: /home/mz/auto-exercise/dex_sugun_ws/install/dex_controller/share/dex_controller/environment/path.dsv
[3.249s] -- Up-to-date symlink: /home/mz/auto-exercise/dex_sugun_ws/install/dex_controller/share/dex_controller/local_setup.bash
[3.249s] -- Up-to-date symlink: /home/mz/auto-exercise/dex_sugun_ws/install/dex_controller/share/dex_controller/local_setup.sh
[3.249s] -- Up-to-date symlink: /home/mz/auto-exercise/dex_sugun_ws/install/dex_controller/share/dex_controller/local_setup.zsh
[3.249s] -- Up-to-date symlink: /home/mz/auto-exercise/dex_sugun_ws/install/dex_controller/share/dex_controller/local_setup.dsv
[3.249s] -- Symlinking: /home/mz/auto-exercise/dex_sugun_ws/install/dex_controller/share/dex_controller/package.dsv
[3.254s] -- Up-to-date symlink: /home/mz/auto-exercise/dex_sugun_ws/install/dex_controller/share/ament_index/resource_index/packages/dex_controller
[3.254s] -- Up-to-date symlink: /home/mz/auto-exercise/dex_sugun_ws/install/dex_controller/share/ament_index/resource_index/nav2_core__pluginlib__plugin/dex_controller
[3.254s] -- Up-to-date symlink: /home/mz/auto-exercise/dex_sugun_ws/install/dex_controller/share/dex_controller/cmake/ament_cmake_export_include_directories-extras.cmake
[3.254s] -- Up-to-date symlink: /home/mz/auto-exercise/dex_sugun_ws/install/dex_controller/share/dex_controller/cmake/ament_cmake_export_libraries-extras.cmake
[3.254s] -- Up-to-date symlink: /home/mz/auto-exercise/dex_sugun_ws/install/dex_controller/share/dex_controller/cmake/ament_cmake_export_dependencies-extras.cmake
[3.254s] -- Up-to-date symlink: /home/mz/auto-exercise/dex_sugun_ws/install/dex_controller/share/dex_controller/cmake/dex_controllerConfig.cmake
[3.254s] -- Up-to-date symlink: /home/mz/auto-exercise/dex_sugun_ws/install/dex_controller/share/dex_controller/cmake/dex_controllerConfig-version.cmake
[3.255s] -- Up-to-date symlink: /home/mz/auto-exercise/dex_sugun_ws/install/dex_controller/share/dex_controller/package.xml
[3.257s] Invoked command in '/home/mz/auto-exercise/dex_sugun_ws/build/dex_controller' returned '0': CMAKE_PREFIX_PATH=${CMAKE_PREFIX_PATH}:/opt/ros/humble /usr/bin/cmake --install /home/mz/auto-exercise/dex_sugun_ws/build/dex_controller
