[0.164s] DEBUG:colcon:Command line arguments: ['/usr/bin/colcon', 'build', '--symlink-install']
[0.164s] DEBUG:colcon:Parsed command line arguments: Namespace(log_base=None, log_level=None, verb_name='build', build_base='build', install_base='install', merge_install=False, symlink_install=True, test_result_base=None, continue_on_error=False, executor='parallel', parallel_workers=24, event_handlers=None, ignore_user_meta=False, metas=['./colcon.meta'], base_paths=['.'], packages_ignore=None, packages_ignore_regex=None, paths=None, packages_up_to=None, packages_up_to_regex=None, packages_above=None, packages_above_and_dependencies=None, packages_above_depth=None, packages_select_by_dep=None, packages_skip_by_dep=None, packages_skip_up_to=None, packages_select_build_failed=False, packages_skip_build_finished=False, packages_select_test_failures=False, packages_skip_test_passed=False, packages_select=None, packages_skip=None, packages_select_regex=None, packages_skip_regex=None, packages_start=None, packages_end=None, allow_overriding=[], cmake_args=None, cmake_target=None, cmake_target_skip_unavailable=False, cmake_clean_cache=False, cmake_clean_first=False, cmake_force_configure=False, ament_cmake_args=None, catkin_cmake_args=None, catkin_skip_building_tests=False, verb_parser=<colcon_defaults.argument_parser.defaults.DefaultArgumentsDecorator object at 0x7f17ec893340>, verb_extension=<colcon_core.verb.build.BuildVerb object at 0x7f17ed08ebc0>, main=<bound method BuildVerb.main of <colcon_core.verb.build.BuildVerb object at 0x7f17ed08ebc0>>)
[0.181s] Level 1:colcon.colcon_core.package_discovery:discover_packages(colcon_meta) check parameters
[0.181s] Level 1:colcon.colcon_core.package_discovery:discover_packages(recursive) check parameters
[0.181s] Level 1:colcon.colcon_core.package_discovery:discover_packages(ignore) check parameters
[0.181s] Level 1:colcon.colcon_core.package_discovery:discover_packages(path) check parameters
[0.181s] Level 1:colcon.colcon_core.package_discovery:discover_packages(colcon_meta) discover
[0.181s] Level 1:colcon.colcon_core.package_discovery:discover_packages(recursive) discover
[0.181s] INFO:colcon.colcon_core.package_discovery:Crawling recursively for packages in '/home/mz/auto-exercise/dex_sugun_ws'
[0.181s] Level 1:colcon.colcon_core.package_identification:_identify(.) by extensions ['ignore', 'ignore_ament_install']
[0.181s] Level 1:colcon.colcon_core.package_identification:_identify(.) by extension 'ignore'
[0.181s] Level 1:colcon.colcon_core.package_identification:_identify(.) by extension 'ignore_ament_install'
[0.181s] Level 1:colcon.colcon_core.package_identification:_identify(.) by extensions ['colcon_pkg']
[0.181s] Level 1:colcon.colcon_core.package_identification:_identify(.) by extension 'colcon_pkg'
[0.181s] Level 1:colcon.colcon_core.package_identification:_identify(.) by extensions ['colcon_meta']
[0.181s] Level 1:colcon.colcon_core.package_identification:_identify(.) by extension 'colcon_meta'
[0.181s] Level 1:colcon.colcon_core.package_identification:_identify(.) by extensions ['ros']
[0.182s] Level 1:colcon.colcon_core.package_identification:_identify(.) by extension 'ros'
[0.188s] Level 1:colcon.colcon_core.package_identification:_identify(.) by extensions ['cmake', 'python']
[0.188s] Level 1:colcon.colcon_core.package_identification:_identify(.) by extension 'cmake'
[0.188s] Level 1:colcon.colcon_core.package_identification:_identify(.) by extension 'python'
[0.188s] Level 1:colcon.colcon_core.package_identification:_identify(.) by extensions ['python_setup_py']
[0.188s] Level 1:colcon.colcon_core.package_identification:_identify(.) by extension 'python_setup_py'
[0.188s] Level 1:colcon.colcon_core.package_identification:_identify(build) by extensions ['ignore', 'ignore_ament_install']
[0.188s] Level 1:colcon.colcon_core.package_identification:_identify(build) by extension 'ignore'
[0.188s] Level 1:colcon.colcon_core.package_identification:_identify(build) ignored
[0.188s] Level 1:colcon.colcon_core.package_identification:_identify(install) by extensions ['ignore', 'ignore_ament_install']
[0.188s] Level 1:colcon.colcon_core.package_identification:_identify(install) by extension 'ignore'
[0.188s] Level 1:colcon.colcon_core.package_identification:_identify(install) ignored
[0.188s] Level 1:colcon.colcon_core.package_identification:_identify(log) by extensions ['ignore', 'ignore_ament_install']
[0.188s] Level 1:colcon.colcon_core.package_identification:_identify(log) by extension 'ignore'
[0.188s] Level 1:colcon.colcon_core.package_identification:_identify(log) ignored
[0.189s] Level 1:colcon.colcon_core.package_identification:_identify(src) by extensions ['ignore', 'ignore_ament_install']
[0.189s] Level 1:colcon.colcon_core.package_identification:_identify(src) by extension 'ignore'
[0.189s] Level 1:colcon.colcon_core.package_identification:_identify(src) by extension 'ignore_ament_install'
[0.189s] Level 1:colcon.colcon_core.package_identification:_identify(src) by extensions ['colcon_pkg']
[0.189s] Level 1:colcon.colcon_core.package_identification:_identify(src) by extension 'colcon_pkg'
[0.189s] Level 1:colcon.colcon_core.package_identification:_identify(src) by extensions ['colcon_meta']
[0.189s] Level 1:colcon.colcon_core.package_identification:_identify(src) by extension 'colcon_meta'
[0.189s] Level 1:colcon.colcon_core.package_identification:_identify(src) by extensions ['ros']
[0.189s] Level 1:colcon.colcon_core.package_identification:_identify(src) by extension 'ros'
[0.189s] Level 1:colcon.colcon_core.package_identification:_identify(src) by extensions ['cmake', 'python']
[0.189s] Level 1:colcon.colcon_core.package_identification:_identify(src) by extension 'cmake'
[0.189s] Level 1:colcon.colcon_core.package_identification:_identify(src) by extension 'python'
[0.189s] Level 1:colcon.colcon_core.package_identification:_identify(src) by extensions ['python_setup_py']
[0.189s] Level 1:colcon.colcon_core.package_identification:_identify(src) by extension 'python_setup_py'
[0.189s] Level 1:colcon.colcon_core.package_identification:_identify(src/dex_solution) by extensions ['ignore', 'ignore_ament_install']
[0.189s] Level 1:colcon.colcon_core.package_identification:_identify(src/dex_solution) by extension 'ignore'
[0.189s] Level 1:colcon.colcon_core.package_identification:_identify(src/dex_solution) by extension 'ignore_ament_install'
[0.189s] Level 1:colcon.colcon_core.package_identification:_identify(src/dex_solution) by extensions ['colcon_pkg']
[0.189s] Level 1:colcon.colcon_core.package_identification:_identify(src/dex_solution) by extension 'colcon_pkg'
[0.189s] Level 1:colcon.colcon_core.package_identification:_identify(src/dex_solution) by extensions ['colcon_meta']
[0.189s] Level 1:colcon.colcon_core.package_identification:_identify(src/dex_solution) by extension 'colcon_meta'
[0.189s] Level 1:colcon.colcon_core.package_identification:_identify(src/dex_solution) by extensions ['ros']
[0.189s] Level 1:colcon.colcon_core.package_identification:_identify(src/dex_solution) by extension 'ros'
[0.189s] Level 1:colcon.colcon_core.package_identification:_identify(src/dex_solution) by extensions ['cmake', 'python']
[0.189s] Level 1:colcon.colcon_core.package_identification:_identify(src/dex_solution) by extension 'cmake'
[0.189s] Level 1:colcon.colcon_core.package_identification:_identify(src/dex_solution) by extension 'python'
[0.189s] Level 1:colcon.colcon_core.package_identification:_identify(src/dex_solution) by extensions ['python_setup_py']
[0.189s] Level 1:colcon.colcon_core.package_identification:_identify(src/dex_solution) by extension 'python_setup_py'
[0.189s] Level 1:colcon.colcon_core.package_identification:_identify(src/dex_solution/dex_bringup) by extensions ['ignore', 'ignore_ament_install']
[0.189s] Level 1:colcon.colcon_core.package_identification:_identify(src/dex_solution/dex_bringup) by extension 'ignore'
[0.189s] Level 1:colcon.colcon_core.package_identification:_identify(src/dex_solution/dex_bringup) by extension 'ignore_ament_install'
[0.190s] Level 1:colcon.colcon_core.package_identification:_identify(src/dex_solution/dex_bringup) by extensions ['colcon_pkg']
[0.190s] Level 1:colcon.colcon_core.package_identification:_identify(src/dex_solution/dex_bringup) by extension 'colcon_pkg'
[0.190s] Level 1:colcon.colcon_core.package_identification:_identify(src/dex_solution/dex_bringup) by extensions ['colcon_meta']
[0.190s] Level 1:colcon.colcon_core.package_identification:_identify(src/dex_solution/dex_bringup) by extension 'colcon_meta'
[0.190s] Level 1:colcon.colcon_core.package_identification:_identify(src/dex_solution/dex_bringup) by extensions ['ros']
[0.190s] Level 1:colcon.colcon_core.package_identification:_identify(src/dex_solution/dex_bringup) by extension 'ros'
[0.191s] DEBUG:colcon.colcon_core.package_identification:Package 'src/dex_solution/dex_bringup' with type 'ros.ament_cmake' and name 'dex_bringup'
[0.191s] Level 1:colcon.colcon_core.package_identification:_identify(src/dex_solution/dex_controller) by extensions ['ignore', 'ignore_ament_install']
[0.191s] Level 1:colcon.colcon_core.package_identification:_identify(src/dex_solution/dex_controller) by extension 'ignore'
[0.191s] Level 1:colcon.colcon_core.package_identification:_identify(src/dex_solution/dex_controller) by extension 'ignore_ament_install'
[0.191s] Level 1:colcon.colcon_core.package_identification:_identify(src/dex_solution/dex_controller) by extensions ['colcon_pkg']
[0.191s] Level 1:colcon.colcon_core.package_identification:_identify(src/dex_solution/dex_controller) by extension 'colcon_pkg'
[0.191s] Level 1:colcon.colcon_core.package_identification:_identify(src/dex_solution/dex_controller) by extensions ['colcon_meta']
[0.191s] Level 1:colcon.colcon_core.package_identification:_identify(src/dex_solution/dex_controller) by extension 'colcon_meta'
[0.191s] Level 1:colcon.colcon_core.package_identification:_identify(src/dex_solution/dex_controller) by extensions ['ros']
[0.191s] Level 1:colcon.colcon_core.package_identification:_identify(src/dex_solution/dex_controller) by extension 'ros'
[0.192s] DEBUG:colcon.colcon_core.package_identification:Package 'src/dex_solution/dex_controller' with type 'ros.ament_cmake' and name 'dex_controller'
[0.192s] Level 1:colcon.colcon_core.package_discovery:discover_packages(recursive) using defaults
[0.192s] Level 1:colcon.colcon_core.package_discovery:discover_packages(ignore) discover
[0.192s] Level 1:colcon.colcon_core.package_discovery:discover_packages(ignore) using defaults
[0.192s] Level 1:colcon.colcon_core.package_discovery:discover_packages(path) discover
[0.192s] Level 1:colcon.colcon_core.package_discovery:discover_packages(path) using defaults
[0.205s] Level 1:colcon.colcon_core.package_discovery:discover_packages(prefix_path) check parameters
[0.205s] Level 1:colcon.colcon_core.package_discovery:discover_packages(prefix_path) discover
[0.206s] DEBUG:colcon.colcon_installed_package_information.package_discovery:Found 2 installed packages in /home/mz/auto-exercise/dex_sugun_ws/install
[0.207s] DEBUG:colcon.colcon_installed_package_information.package_discovery:Found 297 installed packages in /opt/ros/humble
[0.208s] Level 1:colcon.colcon_core.package_discovery:discover_packages(prefix_path) using defaults
[0.239s] Level 5:colcon.colcon_core.verb:set package 'dex_bringup' build argument 'cmake_args' from command line to 'None'
[0.239s] Level 5:colcon.colcon_core.verb:set package 'dex_bringup' build argument 'cmake_target' from command line to 'None'
[0.239s] Level 5:colcon.colcon_core.verb:set package 'dex_bringup' build argument 'cmake_target_skip_unavailable' from command line to 'False'
[0.239s] Level 5:colcon.colcon_core.verb:set package 'dex_bringup' build argument 'cmake_clean_cache' from command line to 'False'
[0.239s] Level 5:colcon.colcon_core.verb:set package 'dex_bringup' build argument 'cmake_clean_first' from command line to 'False'
[0.239s] Level 5:colcon.colcon_core.verb:set package 'dex_bringup' build argument 'cmake_force_configure' from command line to 'False'
[0.239s] Level 5:colcon.colcon_core.verb:set package 'dex_bringup' build argument 'ament_cmake_args' from command line to 'None'
[0.239s] Level 5:colcon.colcon_core.verb:set package 'dex_bringup' build argument 'catkin_cmake_args' from command line to 'None'
[0.239s] Level 5:colcon.colcon_core.verb:set package 'dex_bringup' build argument 'catkin_skip_building_tests' from command line to 'False'
[0.239s] DEBUG:colcon.colcon_core.verb:Building package 'dex_bringup' with the following arguments: {'ament_cmake_args': None, 'build_base': '/home/mz/auto-exercise/dex_sugun_ws/build/dex_bringup', 'catkin_cmake_args': None, 'catkin_skip_building_tests': False, 'cmake_args': None, 'cmake_clean_cache': False, 'cmake_clean_first': False, 'cmake_force_configure': False, 'cmake_target': None, 'cmake_target_skip_unavailable': False, 'install_base': '/home/mz/auto-exercise/dex_sugun_ws/install/dex_bringup', 'merge_install': False, 'path': '/home/mz/auto-exercise/dex_sugun_ws/src/dex_solution/dex_bringup', 'symlink_install': True, 'test_result_base': None}
[0.240s] Level 5:colcon.colcon_core.verb:set package 'dex_controller' build argument 'cmake_args' from command line to 'None'
[0.240s] Level 5:colcon.colcon_core.verb:set package 'dex_controller' build argument 'cmake_target' from command line to 'None'
[0.240s] Level 5:colcon.colcon_core.verb:set package 'dex_controller' build argument 'cmake_target_skip_unavailable' from command line to 'False'
[0.240s] Level 5:colcon.colcon_core.verb:set package 'dex_controller' build argument 'cmake_clean_cache' from command line to 'False'
[0.240s] Level 5:colcon.colcon_core.verb:set package 'dex_controller' build argument 'cmake_clean_first' from command line to 'False'
[0.240s] Level 5:colcon.colcon_core.verb:set package 'dex_controller' build argument 'cmake_force_configure' from command line to 'False'
[0.240s] Level 5:colcon.colcon_core.verb:set package 'dex_controller' build argument 'ament_cmake_args' from command line to 'None'
[0.240s] Level 5:colcon.colcon_core.verb:set package 'dex_controller' build argument 'catkin_cmake_args' from command line to 'None'
[0.240s] Level 5:colcon.colcon_core.verb:set package 'dex_controller' build argument 'catkin_skip_building_tests' from command line to 'False'
[0.240s] DEBUG:colcon.colcon_core.verb:Building package 'dex_controller' with the following arguments: {'ament_cmake_args': None, 'build_base': '/home/mz/auto-exercise/dex_sugun_ws/build/dex_controller', 'catkin_cmake_args': None, 'catkin_skip_building_tests': False, 'cmake_args': None, 'cmake_clean_cache': False, 'cmake_clean_first': False, 'cmake_force_configure': False, 'cmake_target': None, 'cmake_target_skip_unavailable': False, 'install_base': '/home/mz/auto-exercise/dex_sugun_ws/install/dex_controller', 'merge_install': False, 'path': '/home/mz/auto-exercise/dex_sugun_ws/src/dex_solution/dex_controller', 'symlink_install': True, 'test_result_base': None}
[0.240s] INFO:colcon.colcon_core.executor:Executing jobs using 'parallel' executor
[0.242s] DEBUG:colcon.colcon_parallel_executor.executor.parallel:run_until_complete
[0.242s] INFO:colcon.colcon_ros.task.ament_cmake.build:Building ROS package in '/home/mz/auto-exercise/dex_sugun_ws/src/dex_solution/dex_bringup' with build type 'ament_cmake'
[0.242s] INFO:colcon.colcon_cmake.task.cmake.build:Building CMake package in '/home/mz/auto-exercise/dex_sugun_ws/src/dex_solution/dex_bringup'
[0.245s] INFO:colcon.colcon_core.plugin_system:Skipping extension 'colcon_core.shell.bat': Not used on non-Windows systems
[0.245s] INFO:colcon.colcon_core.shell:Skip shell extension 'powershell' for command environment: Not usable outside of PowerShell
[0.245s] DEBUG:colcon.colcon_core.shell:Skip shell extension 'dsv' for command environment
[0.247s] INFO:colcon.colcon_ros.task.ament_cmake.build:Building ROS package in '/home/mz/auto-exercise/dex_sugun_ws/src/dex_solution/dex_controller' with build type 'ament_cmake'
[0.247s] INFO:colcon.colcon_cmake.task.cmake.build:Building CMake package in '/home/mz/auto-exercise/dex_sugun_ws/src/dex_solution/dex_controller'
[0.248s] INFO:colcon.colcon_core.shell:Skip shell extension 'powershell' for command environment: Not usable outside of PowerShell
[0.248s] DEBUG:colcon.colcon_core.shell:Skip shell extension 'dsv' for command environment
[0.253s] DEBUG:colcon.colcon_core.event_handler.log_command:Invoking command in '/home/mz/auto-exercise/dex_sugun_ws/build/dex_bringup': CMAKE_PREFIX_PATH=${CMAKE_PREFIX_PATH}:/opt/ros/humble /usr/bin/cmake --build /home/mz/auto-exercise/dex_sugun_ws/build/dex_bringup -- -j24 -l24
[0.255s] DEBUG:colcon.colcon_core.event_handler.log_command:Invoking command in '/home/mz/auto-exercise/dex_sugun_ws/build/dex_controller': CMAKE_PREFIX_PATH=${CMAKE_PREFIX_PATH}:/opt/ros/humble /usr/bin/cmake --build /home/mz/auto-exercise/dex_sugun_ws/build/dex_controller -- -j24 -l24
[0.272s] DEBUG:colcon.colcon_core.event_handler.log_command:Invoked command in '/home/mz/auto-exercise/dex_sugun_ws/build/dex_bringup' returned '0': CMAKE_PREFIX_PATH=${CMAKE_PREFIX_PATH}:/opt/ros/humble /usr/bin/cmake --build /home/mz/auto-exercise/dex_sugun_ws/build/dex_bringup -- -j24 -l24
[0.286s] DEBUG:colcon.colcon_core.event_handler.log_command:Invoking command in '/home/mz/auto-exercise/dex_sugun_ws/build/dex_bringup': CMAKE_PREFIX_PATH=${CMAKE_PREFIX_PATH}:/opt/ros/humble /usr/bin/cmake --install /home/mz/auto-exercise/dex_sugun_ws/build/dex_bringup
[0.295s] Level 1:colcon.colcon_core.environment:create_environment_scripts_only(dex_bringup)
[0.295s] DEBUG:colcon.colcon_core.event_handler.log_command:Invoked command in '/home/mz/auto-exercise/dex_sugun_ws/build/dex_bringup' returned '0': CMAKE_PREFIX_PATH=${CMAKE_PREFIX_PATH}:/opt/ros/humble /usr/bin/cmake --install /home/mz/auto-exercise/dex_sugun_ws/build/dex_bringup
[0.298s] Level 1:colcon.colcon_core.environment:checking '/home/mz/auto-exercise/dex_sugun_ws/install/dex_bringup' for CMake module files
[0.298s] Level 1:colcon.colcon_core.environment:checking '/home/mz/auto-exercise/dex_sugun_ws/install/dex_bringup' for CMake config files
[0.298s] Level 1:colcon.colcon_core.shell:create_environment_hook('dex_bringup', 'cmake_prefix_path')
[0.299s] INFO:colcon.colcon_core.shell:Creating environment hook '/home/mz/auto-exercise/dex_sugun_ws/install/dex_bringup/share/dex_bringup/hook/cmake_prefix_path.ps1'
[0.299s] INFO:colcon.colcon_core.shell:Creating environment descriptor '/home/mz/auto-exercise/dex_sugun_ws/install/dex_bringup/share/dex_bringup/hook/cmake_prefix_path.dsv'
[0.299s] INFO:colcon.colcon_core.shell:Creating environment hook '/home/mz/auto-exercise/dex_sugun_ws/install/dex_bringup/share/dex_bringup/hook/cmake_prefix_path.sh'
[0.300s] Level 1:colcon.colcon_core.environment:checking '/home/mz/auto-exercise/dex_sugun_ws/install/dex_bringup/bin'
[0.300s] Level 1:colcon.colcon_core.environment:checking '/home/mz/auto-exercise/dex_sugun_ws/install/dex_bringup/lib/pkgconfig/dex_bringup.pc'
[0.300s] Level 1:colcon.colcon_core.environment:checking '/home/mz/auto-exercise/dex_sugun_ws/install/dex_bringup/lib/python3.10/site-packages'
[0.300s] Level 1:colcon.colcon_core.environment:checking '/home/mz/auto-exercise/dex_sugun_ws/install/dex_bringup/bin'
[0.301s] INFO:colcon.colcon_core.shell:Creating package script '/home/mz/auto-exercise/dex_sugun_ws/install/dex_bringup/share/dex_bringup/package.ps1'
[0.301s] INFO:colcon.colcon_core.shell:Creating package descriptor '/home/mz/auto-exercise/dex_sugun_ws/install/dex_bringup/share/dex_bringup/package.dsv'
[0.302s] INFO:colcon.colcon_core.shell:Creating package script '/home/mz/auto-exercise/dex_sugun_ws/install/dex_bringup/share/dex_bringup/package.sh'
[0.302s] INFO:colcon.colcon_core.shell:Creating package script '/home/mz/auto-exercise/dex_sugun_ws/install/dex_bringup/share/dex_bringup/package.bash'
[0.303s] INFO:colcon.colcon_core.shell:Creating package script '/home/mz/auto-exercise/dex_sugun_ws/install/dex_bringup/share/dex_bringup/package.zsh'
[0.303s] Level 1:colcon.colcon_core.environment:create_file_with_runtime_dependencies(/home/mz/auto-exercise/dex_sugun_ws/install/dex_bringup/share/colcon-core/packages/dex_bringup)
[0.313s] Level 1:colcon.colcon_core.environment:create_environment_scripts_only(dex_bringup)
[0.314s] Level 1:colcon.colcon_core.environment:checking '/home/mz/auto-exercise/dex_sugun_ws/install/dex_bringup' for CMake module files
[0.314s] Level 1:colcon.colcon_core.environment:checking '/home/mz/auto-exercise/dex_sugun_ws/install/dex_bringup' for CMake config files
[0.315s] Level 1:colcon.colcon_core.shell:create_environment_hook('dex_bringup', 'cmake_prefix_path')
[0.315s] INFO:colcon.colcon_core.shell:Creating environment hook '/home/mz/auto-exercise/dex_sugun_ws/install/dex_bringup/share/dex_bringup/hook/cmake_prefix_path.ps1'
[0.315s] INFO:colcon.colcon_core.shell:Creating environment descriptor '/home/mz/auto-exercise/dex_sugun_ws/install/dex_bringup/share/dex_bringup/hook/cmake_prefix_path.dsv'
[0.316s] INFO:colcon.colcon_core.shell:Creating environment hook '/home/mz/auto-exercise/dex_sugun_ws/install/dex_bringup/share/dex_bringup/hook/cmake_prefix_path.sh'
[0.316s] Level 1:colcon.colcon_core.environment:checking '/home/mz/auto-exercise/dex_sugun_ws/install/dex_bringup/bin'
[0.316s] Level 1:colcon.colcon_core.environment:checking '/home/mz/auto-exercise/dex_sugun_ws/install/dex_bringup/lib/pkgconfig/dex_bringup.pc'
[0.316s] Level 1:colcon.colcon_core.environment:checking '/home/mz/auto-exercise/dex_sugun_ws/install/dex_bringup/lib/python3.10/site-packages'
[0.316s] Level 1:colcon.colcon_core.environment:checking '/home/mz/auto-exercise/dex_sugun_ws/install/dex_bringup/bin'
[0.317s] INFO:colcon.colcon_core.shell:Creating package script '/home/mz/auto-exercise/dex_sugun_ws/install/dex_bringup/share/dex_bringup/package.ps1'
[0.317s] INFO:colcon.colcon_core.shell:Creating package descriptor '/home/mz/auto-exercise/dex_sugun_ws/install/dex_bringup/share/dex_bringup/package.dsv'
[0.317s] INFO:colcon.colcon_core.shell:Creating package script '/home/mz/auto-exercise/dex_sugun_ws/install/dex_bringup/share/dex_bringup/package.sh'
[0.318s] INFO:colcon.colcon_core.shell:Creating package script '/home/mz/auto-exercise/dex_sugun_ws/install/dex_bringup/share/dex_bringup/package.bash'
[0.318s] INFO:colcon.colcon_core.shell:Creating package script '/home/mz/auto-exercise/dex_sugun_ws/install/dex_bringup/share/dex_bringup/package.zsh'
[0.318s] Level 1:colcon.colcon_core.environment:create_file_with_runtime_dependencies(/home/mz/auto-exercise/dex_sugun_ws/install/dex_bringup/share/colcon-core/packages/dex_bringup)
[2.911s] DEBUG:colcon.colcon_core.event_handler.log_command:Invoked command in '/home/mz/auto-exercise/dex_sugun_ws/build/dex_controller' returned '2': CMAKE_PREFIX_PATH=${CMAKE_PREFIX_PATH}:/opt/ros/humble /usr/bin/cmake --build /home/mz/auto-exercise/dex_sugun_ws/build/dex_controller -- -j24 -l24
[2.924s] Level 1:colcon.colcon_core.environment:create_environment_scripts_only(dex_controller)
[2.925s] Level 1:colcon.colcon_core.environment:checking '/home/mz/auto-exercise/dex_sugun_ws/install/dex_controller' for CMake module files
[2.925s] Level 1:colcon.colcon_core.environment:checking '/home/mz/auto-exercise/dex_sugun_ws/install/dex_controller' for CMake config files
[2.926s] Level 1:colcon.colcon_core.shell:create_environment_hook('dex_controller', 'cmake_prefix_path')
[2.926s] INFO:colcon.colcon_core.shell:Creating environment hook '/home/mz/auto-exercise/dex_sugun_ws/install/dex_controller/share/dex_controller/hook/cmake_prefix_path.ps1'
[2.927s] INFO:colcon.colcon_core.shell:Creating environment descriptor '/home/mz/auto-exercise/dex_sugun_ws/install/dex_controller/share/dex_controller/hook/cmake_prefix_path.dsv'
[2.927s] INFO:colcon.colcon_core.shell:Creating environment hook '/home/mz/auto-exercise/dex_sugun_ws/install/dex_controller/share/dex_controller/hook/cmake_prefix_path.sh'
[2.927s] Level 1:colcon.colcon_core.environment:checking '/home/mz/auto-exercise/dex_sugun_ws/install/dex_controller/lib'
[2.927s] Level 1:colcon.colcon_core.shell:create_environment_hook('dex_controller', 'ld_library_path_lib')
[2.928s] INFO:colcon.colcon_core.shell:Creating environment hook '/home/mz/auto-exercise/dex_sugun_ws/install/dex_controller/share/dex_controller/hook/ld_library_path_lib.ps1'
[2.928s] INFO:colcon.colcon_core.shell:Creating environment descriptor '/home/mz/auto-exercise/dex_sugun_ws/install/dex_controller/share/dex_controller/hook/ld_library_path_lib.dsv'
[2.928s] INFO:colcon.colcon_core.shell:Creating environment hook '/home/mz/auto-exercise/dex_sugun_ws/install/dex_controller/share/dex_controller/hook/ld_library_path_lib.sh'
[2.928s] Level 1:colcon.colcon_core.environment:checking '/home/mz/auto-exercise/dex_sugun_ws/install/dex_controller/bin'
[2.928s] Level 1:colcon.colcon_core.environment:checking '/home/mz/auto-exercise/dex_sugun_ws/install/dex_controller/lib/pkgconfig/dex_controller.pc'
[2.929s] Level 1:colcon.colcon_core.environment:checking '/home/mz/auto-exercise/dex_sugun_ws/install/dex_controller/lib/python3.10/site-packages'
[2.929s] Level 1:colcon.colcon_core.environment:checking '/home/mz/auto-exercise/dex_sugun_ws/install/dex_controller/bin'
[2.929s] INFO:colcon.colcon_core.shell:Creating package script '/home/mz/auto-exercise/dex_sugun_ws/install/dex_controller/share/dex_controller/package.ps1'
[2.930s] INFO:colcon.colcon_core.shell:Creating package descriptor '/home/mz/auto-exercise/dex_sugun_ws/install/dex_controller/share/dex_controller/package.dsv'
[2.930s] INFO:colcon.colcon_core.shell:Creating package script '/home/mz/auto-exercise/dex_sugun_ws/install/dex_controller/share/dex_controller/package.sh'
[2.930s] INFO:colcon.colcon_core.shell:Creating package script '/home/mz/auto-exercise/dex_sugun_ws/install/dex_controller/share/dex_controller/package.bash'
[2.930s] INFO:colcon.colcon_core.shell:Creating package script '/home/mz/auto-exercise/dex_sugun_ws/install/dex_controller/share/dex_controller/package.zsh'
[2.931s] Level 1:colcon.colcon_core.environment:create_file_with_runtime_dependencies(/home/mz/auto-exercise/dex_sugun_ws/install/dex_controller/share/colcon-core/packages/dex_controller)
[2.941s] DEBUG:colcon.colcon_parallel_executor.executor.parallel:closing loop
[2.941s] DEBUG:colcon.colcon_parallel_executor.executor.parallel:loop closed
[2.941s] DEBUG:colcon.colcon_parallel_executor.executor.parallel:run_until_complete finished with '2'
[2.941s] DEBUG:colcon.colcon_core.event_reactor:joining thread
[2.945s] INFO:colcon.colcon_core.plugin_system:Skipping extension 'colcon_notification.desktop_notification.notify_send': Could not find 'notify-send'
[2.945s] INFO:colcon.colcon_core.plugin_system:Skipping extension 'colcon_notification.desktop_notification.terminal_notifier': Not used on non-Darwin systems
[2.945s] INFO:colcon.colcon_core.plugin_system:Skipping extension 'colcon_notification.desktop_notification.win32': Not used on non-Windows systems
[2.945s] INFO:colcon.colcon_notification.desktop_notification:Sending desktop notification using 'notify2'
[2.947s] DEBUG:colcon.colcon_notification.desktop_notification.notify2:Failed to initialize notify2: org.freedesktop.DBus.Error.Spawn.ExecFailed: /usr/bin/dbus-launch terminated abnormally without any error message
[2.947s] DEBUG:colcon.colcon_core.event_reactor:joined thread
[2.948s] INFO:colcon.colcon_core.shell:Creating prefix script '/home/mz/auto-exercise/dex_sugun_ws/install/local_setup.ps1'
[2.949s] INFO:colcon.colcon_core.shell:Creating prefix util module '/home/mz/auto-exercise/dex_sugun_ws/install/_local_setup_util_ps1.py'
[2.950s] INFO:colcon.colcon_core.shell:Creating prefix chain script '/home/mz/auto-exercise/dex_sugun_ws/install/setup.ps1'
[2.950s] INFO:colcon.colcon_core.shell:Creating prefix script '/home/mz/auto-exercise/dex_sugun_ws/install/local_setup.sh'
[2.951s] INFO:colcon.colcon_core.shell:Creating prefix util module '/home/mz/auto-exercise/dex_sugun_ws/install/_local_setup_util_sh.py'
[2.951s] INFO:colcon.colcon_core.shell:Creating prefix chain script '/home/mz/auto-exercise/dex_sugun_ws/install/setup.sh'
[2.952s] INFO:colcon.colcon_core.shell:Creating prefix script '/home/mz/auto-exercise/dex_sugun_ws/install/local_setup.bash'
[2.952s] INFO:colcon.colcon_core.shell:Creating prefix chain script '/home/mz/auto-exercise/dex_sugun_ws/install/setup.bash'
[2.952s] INFO:colcon.colcon_core.shell:Creating prefix script '/home/mz/auto-exercise/dex_sugun_ws/install/local_setup.zsh'
[2.953s] INFO:colcon.colcon_core.shell:Creating prefix chain script '/home/mz/auto-exercise/dex_sugun_ws/install/setup.zsh'
