[0.008s] Invoking command in '/home/mz/auto-exercise/dex_sugun_ws/build/dex_controller': CMAKE_PREFIX_PATH=${CMAKE_PREFIX_PATH}:/opt/ros/humble /usr/bin/cmake --build /home/mz/auto-exercise/dex_sugun_ws/build/dex_controller -- -j24 -l24
[0.032s] [35m[1mConsolidate compiler generated dependencies of target dex_controller[0m
[0.045s] [100%] Built target dex_controller
[0.056s] Invoked command in '/home/mz/auto-exercise/dex_sugun_ws/build/dex_controller' returned '0': CMAKE_PREFIX_PATH=${CMAKE_PREFIX_PATH}:/opt/ros/humble /usr/bin/cmake --build /home/mz/auto-exercise/dex_sugun_ws/build/dex_controller -- -j24 -l24
[0.072s] Invoking command in '/home/mz/auto-exercise/dex_sugun_ws/build/dex_controller': CMAKE_PREFIX_PATH=${CMAKE_PREFIX_PATH}:/opt/ros/humble /usr/bin/cmake --install /home/mz/auto-exercise/dex_sugun_ws/build/dex_controller
[0.074s] -- Install configuration: "Release"
[0.075s] -- Execute custom install script
[0.075s] -- Up-to-date symlink: /home/mz/auto-exercise/dex_sugun_ws/install/dex_controller/lib/libdex_controller.so
[0.075s] -- Up-to-date symlink: /home/mz/auto-exercise/dex_sugun_ws/install/dex_controller/include//dex_controller/dex_controller.hpp
[0.075s] -- Up-to-date symlink: /home/mz/auto-exercise/dex_sugun_ws/install/dex_controller/share/dex_controller/environment/library_path.sh
[0.075s] -- Up-to-date symlink: /home/mz/auto-exercise/dex_sugun_ws/install/dex_controller/share/dex_controller/environment/library_path.dsv
[0.075s] -- Up-to-date symlink: /home/mz/auto-exercise/dex_sugun_ws/install/dex_controller/share/dex_controller//dex_controller.xml
[0.075s] -- Up-to-date symlink: /home/mz/auto-exercise/dex_sugun_ws/install/dex_controller/share/ament_index/resource_index/package_run_dependencies/dex_controller
[0.076s] -- Up-to-date symlink: /home/mz/auto-exercise/dex_sugun_ws/install/dex_controller/share/ament_index/resource_index/parent_prefix_path/dex_controller
[0.076s] -- Up-to-date symlink: /home/mz/auto-exercise/dex_sugun_ws/install/dex_controller/share/dex_controller/environment/ament_prefix_path.sh
[0.076s] -- Up-to-date symlink: /home/mz/auto-exercise/dex_sugun_ws/install/dex_controller/share/dex_controller/environment/ament_prefix_path.dsv
[0.076s] -- Up-to-date symlink: /home/mz/auto-exercise/dex_sugun_ws/install/dex_controller/share/dex_controller/environment/path.sh
[0.076s] -- Up-to-date symlink: /home/mz/auto-exercise/dex_sugun_ws/install/dex_controller/share/dex_controller/environment/path.dsv
[0.076s] -- Up-to-date symlink: /home/mz/auto-exercise/dex_sugun_ws/install/dex_controller/share/dex_controller/local_setup.bash
[0.076s] -- Up-to-date symlink: /home/mz/auto-exercise/dex_sugun_ws/install/dex_controller/share/dex_controller/local_setup.sh
[0.076s] -- Up-to-date symlink: /home/mz/auto-exercise/dex_sugun_ws/install/dex_controller/share/dex_controller/local_setup.zsh
[0.076s] -- Up-to-date symlink: /home/mz/auto-exercise/dex_sugun_ws/install/dex_controller/share/dex_controller/local_setup.dsv
[0.076s] -- Symlinking: /home/mz/auto-exercise/dex_sugun_ws/install/dex_controller/share/dex_controller/package.dsv
[0.080s] -- Up-to-date symlink: /home/mz/auto-exercise/dex_sugun_ws/install/dex_controller/share/ament_index/resource_index/packages/dex_controller
[0.080s] -- Up-to-date symlink: /home/mz/auto-exercise/dex_sugun_ws/install/dex_controller/share/ament_index/resource_index/nav2_core__pluginlib__plugin/dex_controller
[0.080s] -- Up-to-date symlink: /home/mz/auto-exercise/dex_sugun_ws/install/dex_controller/share/dex_controller/cmake/ament_cmake_export_include_directories-extras.cmake
[0.080s] -- Up-to-date symlink: /home/mz/auto-exercise/dex_sugun_ws/install/dex_controller/share/dex_controller/cmake/ament_cmake_export_libraries-extras.cmake
[0.080s] -- Up-to-date symlink: /home/mz/auto-exercise/dex_sugun_ws/install/dex_controller/share/dex_controller/cmake/ament_cmake_export_dependencies-extras.cmake
[0.081s] -- Up-to-date symlink: /home/mz/auto-exercise/dex_sugun_ws/install/dex_controller/share/dex_controller/cmake/dex_controllerConfig.cmake
[0.081s] -- Up-to-date symlink: /home/mz/auto-exercise/dex_sugun_ws/install/dex_controller/share/dex_controller/cmake/dex_controllerConfig-version.cmake
[0.081s] -- Up-to-date symlink: /home/mz/auto-exercise/dex_sugun_ws/install/dex_controller/share/dex_controller/package.xml
[0.083s] Invoked command in '/home/mz/auto-exercise/dex_sugun_ws/build/dex_controller' returned '0': CMAKE_PREFIX_PATH=${CMAKE_PREFIX_PATH}:/opt/ros/humble /usr/bin/cmake --install /home/mz/auto-exercise/dex_sugun_ws/build/dex_controller
