[0.006s] Invoking command in '/home/mz/auto-exercise/dex_sugun_ws/build/dex_controller': CMAKE_PREFIX_PATH=/opt/ros/humble /usr/bin/cmake /home/mz/auto-exercise/dex_sugun_ws/src/dex_solution/dex_controller -DAMENT_CMAKE_SYMLINK_INSTALL=1 -DCMAKE_INSTALL_PREFIX=/home/mz/auto-exercise/dex_sugun_ws/install/dex_controller
[0.061s] -- The C compiler identification is GNU 11.4.0
[0.105s] -- The CXX compiler identification is GNU 11.4.0
[0.109s] -- Detecting C compiler ABI info
[0.145s] -- Detecting C compiler ABI info - done
[0.150s] -- Check for working C compiler: /usr/bin/cc - skipped
[0.150s] -- Detecting C compile features
[0.150s] -- Detecting C compile features - done
[0.153s] -- Detecting CXX compiler ABI info
[0.193s] -- Detecting CXX compiler ABI info - done
[0.198s] -- Check for working CXX compiler: /usr/bin/c++ - skipped
[0.198s] -- Detecting CXX compile features
[0.198s] -- Detecting CXX compile features - done
[0.201s] -- Found ament_cmake: 1.3.5 (/opt/ros/humble/share/ament_cmake/cmake)
[0.281s] -- Found Python3: /usr/bin/python3.10 (found version "3.10.12") found components: Interpreter 
[0.319s] -- Override CMake install command with custom implementation using symlinks instead of copying resources
[0.344s] -- Found nav2_common: 1.1.8 (/opt/ros/humble/share/nav2_common/cmake)
[0.346s] -- Found nav2_core: 1.1.8 (/opt/ros/humble/share/nav2_core/cmake)
[0.379s] -- Found rosidl_generator_c: 3.1.5 (/opt/ros/humble/share/rosidl_generator_c/cmake)
[0.383s] -- Found rosidl_adapter: 3.1.5 (/opt/ros/humble/share/rosidl_adapter/cmake)
[0.390s] -- Found rosidl_generator_cpp: 3.1.5 (/opt/ros/humble/share/rosidl_generator_cpp/cmake)
[0.400s] -- Using all available rosidl_typesupport_c: rosidl_typesupport_fastrtps_c;rosidl_typesupport_introspection_c
[0.414s] -- Using all available rosidl_typesupport_cpp: rosidl_typesupport_fastrtps_cpp;rosidl_typesupport_introspection_cpp
[0.463s] -- Found rmw_implementation_cmake: 6.1.1 (/opt/ros/humble/share/rmw_implementation_cmake/cmake)
[0.465s] -- Found rmw_cyclonedds_cpp: 1.3.4 (/opt/ros/humble/share/rmw_cyclonedds_cpp/cmake)
[0.489s] -- Using RMW implementation 'rmw_cyclonedds_cpp' as default
[0.496s] -- Looking for pthread.h
[0.536s] -- Looking for pthread.h - found
[0.536s] -- Performing Test CMAKE_HAVE_LIBC_PTHREAD
[0.570s] -- Performing Test CMAKE_HAVE_LIBC_PTHREAD - Success
[0.570s] -- Found Threads: TRUE  
[1.334s] -- Found Eigen3: TRUE (found version "3.4.0") 
[1.334s] -- Ensuring Eigen3 include directory is part of orocos-kdl CMake target
[2.337s] -- Setting build type to Release as none was specified.
[2.736s] -- Found ament_lint_auto: 0.12.7 (/opt/ros/humble/share/ament_lint_auto/cmake)
[2.789s] -- Added test 'cppcheck' to perform static code analysis on C / C++ code
[2.789s] -- Configured cppcheck include dirs: /home/mz/auto-exercise/dex_sugun_ws/src/dex_solution/dex_controller/include
[2.790s] -- Configured cppcheck exclude dirs and/or files: 
[2.790s] -- Added test 'cpplint' to check C / C++ code against the Google style
[2.790s] -- Configured cpplint exclude dirs and/or files: 
[2.790s] -- Added test 'lint_cmake' to check CMake code style
[2.791s] -- Added test 'uncrustify' to check C / C++ code style
[2.791s] -- Configured uncrustify additional arguments: 
[2.791s] -- Added test 'xmllint' to check XML markup files
[2.794s] -- Configuring done
[2.840s] -- Generating done
[2.841s] -- Build files have been written to: /home/mz/auto-exercise/dex_sugun_ws/build/dex_controller
[2.846s] Invoked command in '/home/mz/auto-exercise/dex_sugun_ws/build/dex_controller' returned '0': CMAKE_PREFIX_PATH=/opt/ros/humble /usr/bin/cmake /home/mz/auto-exercise/dex_sugun_ws/src/dex_solution/dex_controller -DAMENT_CMAKE_SYMLINK_INSTALL=1 -DCMAKE_INSTALL_PREFIX=/home/mz/auto-exercise/dex_sugun_ws/install/dex_controller
[2.848s] Invoking command in '/home/mz/auto-exercise/dex_sugun_ws/build/dex_controller': CMAKE_PREFIX_PATH=/opt/ros/humble /usr/bin/cmake --build /home/mz/auto-exercise/dex_sugun_ws/build/dex_controller -- -j24 -l24
[2.875s] [ 50%] [32mBuilding CXX object CMakeFiles/dex_controller.dir/src/dex_controller.cpp.o[0m
[5.705s] [100%] [32m[1mLinking CXX shared library libdex_controller.so[0m
[5.799s] [100%] Built target dex_controller
[5.803s] Invoked command in '/home/mz/auto-exercise/dex_sugun_ws/build/dex_controller' returned '0': CMAKE_PREFIX_PATH=/opt/ros/humble /usr/bin/cmake --build /home/mz/auto-exercise/dex_sugun_ws/build/dex_controller -- -j24 -l24
[5.814s] Invoking command in '/home/mz/auto-exercise/dex_sugun_ws/build/dex_controller': CMAKE_PREFIX_PATH=/opt/ros/humble /usr/bin/cmake --install /home/mz/auto-exercise/dex_sugun_ws/build/dex_controller
[5.816s] -- Install configuration: "Release"
[5.817s] -- Execute custom install script
[5.817s] -- Symlinking: /home/mz/auto-exercise/dex_sugun_ws/install/dex_controller/lib/libdex_controller.so
[5.821s] -- Symlinking: /home/mz/auto-exercise/dex_sugun_ws/install/dex_controller/include//dex_controller/dex_controller.hpp
[5.825s] -- Symlinking: /home/mz/auto-exercise/dex_sugun_ws/install/dex_controller/share/dex_controller/environment/library_path.sh
[5.828s] -- Symlinking: /home/mz/auto-exercise/dex_sugun_ws/install/dex_controller/share/dex_controller/environment/library_path.dsv
[5.832s] -- Symlinking: /home/mz/auto-exercise/dex_sugun_ws/install/dex_controller/share/dex_controller//dex_controller.xml
[5.835s] -- Symlinking: /home/mz/auto-exercise/dex_sugun_ws/install/dex_controller/share/ament_index/resource_index/package_run_dependencies/dex_controller
[5.838s] -- Symlinking: /home/mz/auto-exercise/dex_sugun_ws/install/dex_controller/share/ament_index/resource_index/parent_prefix_path/dex_controller
[5.842s] -- Symlinking: /home/mz/auto-exercise/dex_sugun_ws/install/dex_controller/share/dex_controller/environment/ament_prefix_path.sh
[5.845s] -- Symlinking: /home/mz/auto-exercise/dex_sugun_ws/install/dex_controller/share/dex_controller/environment/ament_prefix_path.dsv
[5.848s] -- Symlinking: /home/mz/auto-exercise/dex_sugun_ws/install/dex_controller/share/dex_controller/environment/path.sh
[5.852s] -- Symlinking: /home/mz/auto-exercise/dex_sugun_ws/install/dex_controller/share/dex_controller/environment/path.dsv
[5.855s] -- Symlinking: /home/mz/auto-exercise/dex_sugun_ws/install/dex_controller/share/dex_controller/local_setup.bash
[5.859s] -- Symlinking: /home/mz/auto-exercise/dex_sugun_ws/install/dex_controller/share/dex_controller/local_setup.sh
[5.862s] -- Symlinking: /home/mz/auto-exercise/dex_sugun_ws/install/dex_controller/share/dex_controller/local_setup.zsh
[5.865s] -- Symlinking: /home/mz/auto-exercise/dex_sugun_ws/install/dex_controller/share/dex_controller/local_setup.dsv
[5.869s] -- Symlinking: /home/mz/auto-exercise/dex_sugun_ws/install/dex_controller/share/dex_controller/package.dsv
[5.872s] -- Symlinking: /home/mz/auto-exercise/dex_sugun_ws/install/dex_controller/share/ament_index/resource_index/packages/dex_controller
[5.877s] -- Symlinking: /home/mz/auto-exercise/dex_sugun_ws/install/dex_controller/share/ament_index/resource_index/nav2_core__pluginlib__plugin/dex_controller
[5.880s] -- Symlinking: /home/mz/auto-exercise/dex_sugun_ws/install/dex_controller/share/dex_controller/cmake/ament_cmake_export_include_directories-extras.cmake
[5.884s] -- Symlinking: /home/mz/auto-exercise/dex_sugun_ws/install/dex_controller/share/dex_controller/cmake/ament_cmake_export_libraries-extras.cmake
[5.887s] -- Symlinking: /home/mz/auto-exercise/dex_sugun_ws/install/dex_controller/share/dex_controller/cmake/ament_cmake_export_dependencies-extras.cmake
[5.890s] -- Symlinking: /home/mz/auto-exercise/dex_sugun_ws/install/dex_controller/share/dex_controller/cmake/dex_controllerConfig.cmake
[5.894s] -- Symlinking: /home/mz/auto-exercise/dex_sugun_ws/install/dex_controller/share/dex_controller/cmake/dex_controllerConfig-version.cmake
[5.897s] -- Symlinking: /home/mz/auto-exercise/dex_sugun_ws/install/dex_controller/share/dex_controller/package.xml
[5.903s] Invoked command in '/home/mz/auto-exercise/dex_sugun_ws/build/dex_controller' returned '0': CMAKE_PREFIX_PATH=/opt/ros/humble /usr/bin/cmake --install /home/mz/auto-exercise/dex_sugun_ws/build/dex_controller
