[0.011s] Invoking command in '/home/mz/auto-exercise/dex_sugun_ws/build/dex_bringup': CMAKE_PREFIX_PATH=${CMAKE_PREFIX_PATH}:/opt/ros/humble /usr/bin/cmake --build /home/mz/auto-exercise/dex_sugun_ws/build/dex_bringup -- -j24 -l24
[0.028s] Invoked command in '/home/mz/auto-exercise/dex_sugun_ws/build/dex_bringup' returned '0': CMAKE_PREFIX_PATH=${CMAKE_PREFIX_PATH}:/opt/ros/humble /usr/bin/cmake --build /home/mz/auto-exercise/dex_sugun_ws/build/dex_bringup -- -j24 -l24
[0.042s] Invoking command in '/home/mz/auto-exercise/dex_sugun_ws/build/dex_bringup': CMAKE_PREFIX_PATH=${CMAKE_PREFIX_PATH}:/opt/ros/humble /usr/bin/cmake --install /home/mz/auto-exercise/dex_sugun_ws/build/dex_bringup
[0.045s] -- Install configuration: ""
[0.046s] -- Execute custom install script
[0.046s] -- Up-to-date symlink: /home/mz/auto-exercise/dex_sugun_ws/install/dex_bringup/share/dex_bringup/behavior_trees/simple_navigate_to_pose.xml
[0.046s] -- Up-to-date symlink: /home/mz/auto-exercise/dex_sugun_ws/install/dex_bringup/share/dex_bringup/launch/bringup_launch.py
[0.046s] -- Up-to-date symlink: /home/mz/auto-exercise/dex_sugun_ws/install/dex_bringup/share/dex_bringup/launch/navigation_launch.py
[0.046s] -- Up-to-date symlink: /home/mz/auto-exercise/dex_sugun_ws/install/dex_bringup/share/dex_bringup/launch/tb3_simulation_launch.py
[0.046s] -- Up-to-date symlink: /home/mz/auto-exercise/dex_sugun_ws/install/dex_bringup/share/dex_bringup/params/dex_controller_params.yaml
[0.046s] -- Up-to-date symlink: /home/mz/auto-exercise/dex_sugun_ws/install/dex_bringup/share/dex_bringup/params/nav2_params_without_controller.yaml
[0.046s] -- Up-to-date symlink: /home/mz/auto-exercise/dex_sugun_ws/install/dex_bringup/share/ament_index/resource_index/package_run_dependencies/dex_bringup
[0.047s] -- Up-to-date symlink: /home/mz/auto-exercise/dex_sugun_ws/install/dex_bringup/share/ament_index/resource_index/parent_prefix_path/dex_bringup
[0.047s] -- Up-to-date symlink: /home/mz/auto-exercise/dex_sugun_ws/install/dex_bringup/share/dex_bringup/environment/ament_prefix_path.sh
[0.047s] -- Up-to-date symlink: /home/mz/auto-exercise/dex_sugun_ws/install/dex_bringup/share/dex_bringup/environment/ament_prefix_path.dsv
[0.047s] -- Up-to-date symlink: /home/mz/auto-exercise/dex_sugun_ws/install/dex_bringup/share/dex_bringup/environment/path.sh
[0.047s] -- Up-to-date symlink: /home/mz/auto-exercise/dex_sugun_ws/install/dex_bringup/share/dex_bringup/environment/path.dsv
[0.047s] -- Up-to-date symlink: /home/mz/auto-exercise/dex_sugun_ws/install/dex_bringup/share/dex_bringup/local_setup.bash
[0.047s] -- Up-to-date symlink: /home/mz/auto-exercise/dex_sugun_ws/install/dex_bringup/share/dex_bringup/local_setup.sh
[0.047s] -- Up-to-date symlink: /home/mz/auto-exercise/dex_sugun_ws/install/dex_bringup/share/dex_bringup/local_setup.zsh
[0.047s] -- Up-to-date symlink: /home/mz/auto-exercise/dex_sugun_ws/install/dex_bringup/share/dex_bringup/local_setup.dsv
[0.047s] -- Symlinking: /home/mz/auto-exercise/dex_sugun_ws/install/dex_bringup/share/dex_bringup/package.dsv
[0.051s] -- Up-to-date symlink: /home/mz/auto-exercise/dex_sugun_ws/install/dex_bringup/share/ament_index/resource_index/packages/dex_bringup
[0.051s] -- Up-to-date symlink: /home/mz/auto-exercise/dex_sugun_ws/install/dex_bringup/share/dex_bringup/cmake/dex_bringupConfig.cmake
[0.051s] -- Up-to-date symlink: /home/mz/auto-exercise/dex_sugun_ws/install/dex_bringup/share/dex_bringup/cmake/dex_bringupConfig-version.cmake
[0.051s] -- Up-to-date symlink: /home/mz/auto-exercise/dex_sugun_ws/install/dex_bringup/share/dex_bringup/package.xml
[0.053s] Invoked command in '/home/mz/auto-exercise/dex_sugun_ws/build/dex_bringup' returned '0': CMAKE_PREFIX_PATH=${CMAKE_PREFIX_PATH}:/opt/ros/humble /usr/bin/cmake --install /home/mz/auto-exercise/dex_sugun_ws/build/dex_bringup
