-- The C compiler identification is GNU 11.4.0
-- The CXX compiler identification is GNU 11.4.0
-- Detecting C compiler ABI info
-- Detecting C compiler ABI info - done
-- Check for working C compiler: /usr/bin/cc - skipped
-- Detecting C compile features
-- Detecting C compile features - done
-- Detecting CXX compiler ABI info
-- Detecting CXX compiler ABI info - done
-- Check for working CXX compiler: /usr/bin/c++ - skipped
-- Detecting CXX compile features
-- Detecting CXX compile features - done
-- Found ament_cmake: 1.3.5 (/opt/ros/humble/share/ament_cmake/cmake)
-- Found Python3: /usr/bin/python3.10 (found version "3.10.12") found components: Interpreter 
-- Override CMake install command with custom implementation using symlinks instead of copying resources
-- Found ament_lint_auto: 0.12.7 (/opt/ros/humble/share/ament_lint_auto/cmake)
-- Added test 'flake8' to check Python code syntax and style conventions
-- Added test 'lint_cmake' to check CMake code style
-- Added test 'pep257' to check Python code against some of the docstring style conventions in PEP 257
-- Added test 'xmllint' to check XML markup files
-- Configuring done
-- Generating done
-- Build files have been written to: /home/mz/auto-exercise/dex_sugun_ws/build/dex_bringup
-- Install configuration: ""
-- Execute custom install script
-- Symlinking: /home/mz/auto-exercise/dex_sugun_ws/install/dex_bringup/share/dex_bringup/behavior_trees/simple_navigate_to_pose.xml
-- Symlinking: /home/mz/auto-exercise/dex_sugun_ws/install/dex_bringup/share/dex_bringup/launch/bringup_launch.py
-- Symlinking: /home/mz/auto-exercise/dex_sugun_ws/install/dex_bringup/share/dex_bringup/launch/navigation_launch.py
-- Symlinking: /home/mz/auto-exercise/dex_sugun_ws/install/dex_bringup/share/dex_bringup/launch/tb3_simulation_launch.py
-- Symlinking: /home/mz/auto-exercise/dex_sugun_ws/install/dex_bringup/share/dex_bringup/params/dex_controller_params.yaml
-- Symlinking: /home/mz/auto-exercise/dex_sugun_ws/install/dex_bringup/share/dex_bringup/params/nav2_params_without_controller.yaml
-- Symlinking: /home/mz/auto-exercise/dex_sugun_ws/install/dex_bringup/share/ament_index/resource_index/package_run_dependencies/dex_bringup
-- Symlinking: /home/mz/auto-exercise/dex_sugun_ws/install/dex_bringup/share/ament_index/resource_index/parent_prefix_path/dex_bringup
-- Symlinking: /home/mz/auto-exercise/dex_sugun_ws/install/dex_bringup/share/dex_bringup/environment/ament_prefix_path.sh
-- Symlinking: /home/mz/auto-exercise/dex_sugun_ws/install/dex_bringup/share/dex_bringup/environment/ament_prefix_path.dsv
-- Symlinking: /home/mz/auto-exercise/dex_sugun_ws/install/dex_bringup/share/dex_bringup/environment/path.sh
-- Symlinking: /home/mz/auto-exercise/dex_sugun_ws/install/dex_bringup/share/dex_bringup/environment/path.dsv
-- Symlinking: /home/mz/auto-exercise/dex_sugun_ws/install/dex_bringup/share/dex_bringup/local_setup.bash
-- Symlinking: /home/mz/auto-exercise/dex_sugun_ws/install/dex_bringup/share/dex_bringup/local_setup.sh
-- Symlinking: /home/mz/auto-exercise/dex_sugun_ws/install/dex_bringup/share/dex_bringup/local_setup.zsh
-- Symlinking: /home/mz/auto-exercise/dex_sugun_ws/install/dex_bringup/share/dex_bringup/local_setup.dsv
-- Symlinking: /home/mz/auto-exercise/dex_sugun_ws/install/dex_bringup/share/dex_bringup/package.dsv
-- Symlinking: /home/mz/auto-exercise/dex_sugun_ws/install/dex_bringup/share/ament_index/resource_index/packages/dex_bringup
-- Symlinking: /home/mz/auto-exercise/dex_sugun_ws/install/dex_bringup/share/dex_bringup/cmake/dex_bringupConfig.cmake
-- Symlinking: /home/mz/auto-exercise/dex_sugun_ws/install/dex_bringup/share/dex_bringup/cmake/dex_bringupConfig-version.cmake
-- Symlinking: /home/mz/auto-exercise/dex_sugun_ws/install/dex_bringup/share/dex_bringup/package.xml
