[0.010s] Invoking command in '/home/mz/auto-exercise/dex_sugun_ws/build/dex_bringup': CMAKE_PREFIX_PATH=/opt/ros/humble /usr/bin/cmake /home/mz/auto-exercise/dex_sugun_ws/src/dex_solution/dex_bringup -DAMENT_CMAKE_SYMLINK_INSTALL=1 -DCMAKE_INSTALL_PREFIX=/home/mz/auto-exercise/dex_sugun_ws/install/dex_bringup
[0.067s] -- The C compiler identification is GNU 11.4.0
[0.110s] -- The CXX compiler identification is GNU 11.4.0
[0.116s] -- Detecting C compiler ABI info
[0.152s] -- Detecting C compiler ABI info - done
[0.156s] -- Check for working C compiler: /usr/bin/cc - skipped
[0.157s] -- Detecting C compile features
[0.157s] -- Detecting C compile features - done
[0.159s] -- Detecting CXX compiler ABI info
[0.200s] -- Detecting CXX compiler ABI info - done
[0.205s] -- Check for working CXX compiler: /usr/bin/c++ - skipped
[0.205s] -- Detecting CXX compile features
[0.205s] -- Detecting CXX compile features - done
[0.207s] -- Found ament_cmake: 1.3.5 (/opt/ros/humble/share/ament_cmake/cmake)
[0.288s] -- Found Python3: /usr/bin/python3.10 (found version "3.10.12") found components: Interpreter 
[0.326s] -- Override CMake install command with custom implementation using symlinks instead of copying resources
[0.351s] -- Found ament_lint_auto: 0.12.7 (/opt/ros/humble/share/ament_lint_auto/cmake)
[0.410s] -- Added test 'flake8' to check Python code syntax and style conventions
[0.411s] -- Added test 'lint_cmake' to check CMake code style
[0.411s] -- Added test 'pep257' to check Python code against some of the docstring style conventions in PEP 257
[0.412s] -- Added test 'xmllint' to check XML markup files
[0.413s] -- Configuring done
[0.414s] -- Generating done
[0.415s] -- Build files have been written to: /home/mz/auto-exercise/dex_sugun_ws/build/dex_bringup
[0.417s] Invoked command in '/home/mz/auto-exercise/dex_sugun_ws/build/dex_bringup' returned '0': CMAKE_PREFIX_PATH=/opt/ros/humble /usr/bin/cmake /home/mz/auto-exercise/dex_sugun_ws/src/dex_solution/dex_bringup -DAMENT_CMAKE_SYMLINK_INSTALL=1 -DCMAKE_INSTALL_PREFIX=/home/mz/auto-exercise/dex_sugun_ws/install/dex_bringup
[0.418s] Invoking command in '/home/mz/auto-exercise/dex_sugun_ws/build/dex_bringup': CMAKE_PREFIX_PATH=/opt/ros/humble /usr/bin/cmake --build /home/mz/auto-exercise/dex_sugun_ws/build/dex_bringup -- -j24 -l24
[0.435s] Invoked command in '/home/mz/auto-exercise/dex_sugun_ws/build/dex_bringup' returned '0': CMAKE_PREFIX_PATH=/opt/ros/humble /usr/bin/cmake --build /home/mz/auto-exercise/dex_sugun_ws/build/dex_bringup -- -j24 -l24
[0.447s] Invoking command in '/home/mz/auto-exercise/dex_sugun_ws/build/dex_bringup': CMAKE_PREFIX_PATH=/opt/ros/humble /usr/bin/cmake --install /home/mz/auto-exercise/dex_sugun_ws/build/dex_bringup
[0.450s] -- Install configuration: ""
[0.450s] -- Execute custom install script
[0.451s] -- Symlinking: /home/mz/auto-exercise/dex_sugun_ws/install/dex_bringup/share/dex_bringup/behavior_trees/simple_navigate_to_pose.xml
[0.454s] -- Symlinking: /home/mz/auto-exercise/dex_sugun_ws/install/dex_bringup/share/dex_bringup/launch/bringup_launch.py
[0.458s] -- Symlinking: /home/mz/auto-exercise/dex_sugun_ws/install/dex_bringup/share/dex_bringup/launch/navigation_launch.py
[0.461s] -- Symlinking: /home/mz/auto-exercise/dex_sugun_ws/install/dex_bringup/share/dex_bringup/launch/tb3_simulation_launch.py
[0.465s] -- Symlinking: /home/mz/auto-exercise/dex_sugun_ws/install/dex_bringup/share/dex_bringup/params/dex_controller_params.yaml
[0.468s] -- Symlinking: /home/mz/auto-exercise/dex_sugun_ws/install/dex_bringup/share/dex_bringup/params/nav2_params_without_controller.yaml
[0.472s] -- Symlinking: /home/mz/auto-exercise/dex_sugun_ws/install/dex_bringup/share/ament_index/resource_index/package_run_dependencies/dex_bringup
[0.475s] -- Symlinking: /home/mz/auto-exercise/dex_sugun_ws/install/dex_bringup/share/ament_index/resource_index/parent_prefix_path/dex_bringup
[0.478s] -- Symlinking: /home/mz/auto-exercise/dex_sugun_ws/install/dex_bringup/share/dex_bringup/environment/ament_prefix_path.sh
[0.482s] -- Symlinking: /home/mz/auto-exercise/dex_sugun_ws/install/dex_bringup/share/dex_bringup/environment/ament_prefix_path.dsv
[0.485s] -- Symlinking: /home/mz/auto-exercise/dex_sugun_ws/install/dex_bringup/share/dex_bringup/environment/path.sh
[0.488s] -- Symlinking: /home/mz/auto-exercise/dex_sugun_ws/install/dex_bringup/share/dex_bringup/environment/path.dsv
[0.492s] -- Symlinking: /home/mz/auto-exercise/dex_sugun_ws/install/dex_bringup/share/dex_bringup/local_setup.bash
[0.495s] -- Symlinking: /home/mz/auto-exercise/dex_sugun_ws/install/dex_bringup/share/dex_bringup/local_setup.sh
[0.498s] -- Symlinking: /home/mz/auto-exercise/dex_sugun_ws/install/dex_bringup/share/dex_bringup/local_setup.zsh
[0.502s] -- Symlinking: /home/mz/auto-exercise/dex_sugun_ws/install/dex_bringup/share/dex_bringup/local_setup.dsv
[0.505s] -- Symlinking: /home/mz/auto-exercise/dex_sugun_ws/install/dex_bringup/share/dex_bringup/package.dsv
[0.509s] -- Symlinking: /home/mz/auto-exercise/dex_sugun_ws/install/dex_bringup/share/ament_index/resource_index/packages/dex_bringup
[0.512s] -- Symlinking: /home/mz/auto-exercise/dex_sugun_ws/install/dex_bringup/share/dex_bringup/cmake/dex_bringupConfig.cmake
[0.516s] -- Symlinking: /home/mz/auto-exercise/dex_sugun_ws/install/dex_bringup/share/dex_bringup/cmake/dex_bringupConfig-version.cmake
[0.519s] -- Symlinking: /home/mz/auto-exercise/dex_sugun_ws/install/dex_bringup/share/dex_bringup/package.xml
[0.524s] Invoked command in '/home/mz/auto-exercise/dex_sugun_ws/build/dex_bringup' returned '0': CMAKE_PREFIX_PATH=/opt/ros/humble /usr/bin/cmake --install /home/mz/auto-exercise/dex_sugun_ws/build/dex_bringup
